<?xml version="1.0" encoding="UTF-8"?>
<testng-results skipped="0" failed="0" ignored="0" total="1" passed="1">
  <reporter-output>
  </reporter-output>
  <suite name="Default suite" duration-ms="11942" started-at="2019-02-06T11:01:33Z" finished-at="2019-02-06T11:01:45Z">
    <groups>
    </groups>
    <test name="Default test" duration-ms="11942" started-at="2019-02-06T11:01:33Z" finished-at="2019-02-06T11:01:45Z">
      <class name="packproject.NewTest">
        <test-method status="PASS" signature="f1()[pri:0, instance:packproject.NewTest@12cc05a]" name="f1" is-config="true" duration-ms="9492" started-at="2019-02-06T11:01:33Z" finished-at="2019-02-06T11:01:42Z">
          <reporter-output>
          </reporter-output>
        </test-method> <!-- f1 -->
        <test-method status="PASS" signature="f()[pri:0, instance:packproject.NewTest@12cc05a]" name="f" duration-ms="31" started-at="2019-02-06T11:01:42Z" finished-at="2019-02-06T11:01:42Z">
          <reporter-output>
          </reporter-output>
        </test-method> <!-- f -->
        <test-method status="PASS" signature="f2()[pri:0, instance:packproject.NewTest@12cc05a]" name="f2" is-config="true" duration-ms="2376" started-at="2019-02-06T11:01:42Z" finished-at="2019-02-06T11:01:45Z">
          <reporter-output>
          </reporter-output>
        </test-method> <!-- f2 -->
      </class> <!-- packproject.NewTest -->
    </test> <!-- Default test -->
  </suite> <!-- Default suite -->
</testng-results>
